SF:lib\domain\entities\todo.dart
DA:10,3
DA:17,1
DA:19,5
LF:3
LH:3
end_of_record
SF:lib\domain\usecases\get_todo_list.dart
DA:9,1
DA:11,1
DA:12,2
LF:3
LH:3
end_of_record
SF:lib\core\error\failure.dart
DA:5,1
DA:7,0
DA:8,0
DA:12,1
DA:16,0
DA:20,0
LF:6
LH:2
end_of_record
SF:lib\data\data_sources\todo_data_source.dart
DA:17,0
DA:19,0
DA:21,0
DA:22,0
DA:23,0
DA:24,0
DA:26,0
DA:30,0
DA:32,0
DA:37,0
DA:38,0
DA:40,0
DA:44,0
DA:46,0
DA:47,0
DA:48,0
DA:50,0
DA:54,0
DA:56,0
DA:61,0
DA:62,0
DA:64,0
LF:22
LH:0
end_of_record
SF:lib\data\models\todo_model.dart
DA:11,0
DA:18,0
DA:19,0
DA:20,0
DA:21,0
DA:22,0
DA:25,0
DA:26,0
DA:27,0
DA:28,0
DA:29,0
DA:32,0
DA:33,0
DA:35,0
DA:37,0
LF:15
LH:0
end_of_record
SF:lib\presentation\blocs\todo\todo_bloc.dart
DA:11,3
DA:12,2
DA:13,2
DA:15,2
DA:16,2
DA:17,3
DA:18,1
DA:19,4
LF:8
LH:8
end_of_record
SF:lib\presentation\blocs\todo\todo_state.dart
DA:4,3
DA:6,1
DA:7,1
DA:17,2
DA:18,1
DA:19,2
DA:25,3
DA:27,1
DA:28,2
LF:9
LH:9
end_of_record
SF:lib\presentation\blocs\todo\todo_event.dart
DA:4,2
DA:6,1
DA:7,1
LF:3
LH:3
end_of_record
SF:lib\presentation\pages\home_page.dart
DA:13,1
DA:15,1
DA:16,1
DA:20,1
DA:22,1
DA:23,4
DA:26,1
DA:28,1
DA:29,4
DA:32,1
DA:34,1
DA:35,1
DA:36,1
DA:37,2
DA:39,1
DA:40,0
DA:43,1
DA:44,1
DA:45,0
DA:52,1
DA:53,1
DA:54,1
DA:59,1
DA:60,0
DA:61,0
DA:64,1
DA:65,2
DA:66,0
DA:68,1
DA:69,1
DA:71,1
DA:73,1
DA:75,1
DA:76,3
DA:77,1
DA:83,1
DA:87,2
DA:88,0
DA:91,1
DA:92,1
DA:93,1
DA:94,0
DA:95,0
DA:98,0
DA:101,3
DA:112,1
DA:113,1
DA:114,0
DA:115,0
LF:49
LH:38
end_of_record
SF:lib\core\style\style_text.dart
DA:5,0
DA:11,0
DA:17,0
DA:24,0
DA:30,0
DA:36,2
DA:44,0
DA:50,0
DA:56,0
DA:65,0
DA:71,2
DA:77,0
DA:85,0
DA:91,0
DA:97,0
DA:105,0
DA:111,2
DA:117,0
DA:125,0
DA:131,0
DA:137,0
DA:145,0
DA:151,0
DA:157,0
LF:24
LH:3
end_of_record
SF:lib\domain\usecases\delete_todo_list.dart
DA:9,0
DA:11,0
DA:12,0
LF:3
LH:0
end_of_record
SF:lib\domain\usecases\post_todo_list.dart
DA:9,0
DA:11,0
DA:12,0
LF:3
LH:0
end_of_record
SF:lib\domain\usecases\put_todo_list.dart
DA:10,0
DA:12,0
DA:13,0
LF:3
LH:0
end_of_record
SF:lib\presentation\blocs\add_todo\add_todo_bloc.dart
DA:11,0
DA:12,0
DA:13,0
DA:15,0
DA:16,0
DA:17,0
DA:18,0
DA:19,0
DA:20,0
LF:9
LH:0
end_of_record
SF:lib\presentation\blocs\add_todo\add_todo_event.dart
DA:4,0
DA:6,0
DA:7,0
DA:15,0
DA:17,0
DA:18,0
LF:6
LH:0
end_of_record
SF:lib\presentation\blocs\add_todo\add_todo_state.dart
DA:4,0
DA:6,0
DA:7,0
DA:17,0
DA:18,0
DA:19,0
DA:25,0
DA:27,0
DA:28,0
LF:9
LH:0
end_of_record
SF:lib\presentation\blocs\delete_bloc\delete_todo_bloc.dart
DA:11,0
DA:12,0
DA:13,0
DA:15,0
DA:16,0
DA:17,0
DA:18,0
DA:20,0
DA:21,0
LF:9
LH:0
end_of_record
SF:lib\presentation\blocs\delete_bloc\delete_todo_state.dart
DA:4,0
DA:6,0
DA:7,0
DA:17,0
DA:19,0
DA:20,0
DA:25,0
DA:27,0
DA:28,0
LF:9
LH:0
end_of_record
SF:lib\presentation\blocs\delete_bloc\delete_todo_event.dart
DA:4,0
DA:6,0
DA:7,0
DA:13,0
DA:15,0
DA:16,0
LF:6
LH:0
end_of_record
SF:lib\presentation\blocs\update_bloc\update_todo_event.dart
DA:4,0
DA:6,0
DA:7,0
DA:16,0
DA:18,0
DA:19,0
LF:6
LH:0
end_of_record
SF:lib\presentation\blocs\update_bloc\update_todo_state.dart
DA:4,0
DA:6,0
DA:7,0
DA:17,0
DA:18,0
DA:19,0
DA:25,0
DA:27,0
DA:28,0
LF:9
LH:0
end_of_record
SF:lib\presentation\blocs\update_bloc\update_todo_bloc.dart
DA:11,0
DA:12,0
DA:13,0
DA:15,0
DA:16,0
DA:17,0
DA:18,0
DA:19,0
DA:20,0
LF:9
LH:0
end_of_record
SF:lib\presentation\pages\add_todo_page.dart
DA:14,0
DA:16,0
DA:17,0
DA:27,0
DA:29,0
DA:30,0
DA:31,0
DA:33,0
DA:35,0
DA:36,0
DA:40,0
DA:41,0
DA:43,0
DA:45,0
DA:49,0
DA:50,0
DA:52,0
DA:53,0
DA:55,0
DA:57,0
DA:58,0
DA:59,0
DA:63,0
DA:64,0
DA:65,0
DA:67,0
DA:68,0
DA:70,0
DA:73,0
DA:74,0
DA:77,0
DA:78,0
DA:79,0
DA:80,0
DA:82,0
DA:84,0
DA:85,0
DA:86,0
DA:87,0
DA:89,0
DA:91,0
DA:94,0
DA:106,0
DA:107,0
DA:108,0
DA:109,0
DA:110,0
DA:111,0
DA:113,0
DA:115,0
DA:116,0
DA:117,0
DA:120,0
DA:124,0
DA:125,0
DA:126,0
DA:127,0
DA:128,0
LF:58
LH:0
end_of_record
SF:lib\presentation\pages\components\todo_item.dart
DA:7,1
DA:11,1
DA:13,1
DA:15,1
DA:16,1
DA:17,1
DA:20,1
DA:21,1
DA:22,1
DA:24,1
DA:25,1
DA:26,2
DA:27,1
DA:28,3
DA:30,0
DA:32,0
DA:35,1
DA:40,1
DA:41,1
DA:42,2
DA:45,1
DA:52,1
DA:53,2
DA:54,1
LF:24
LH:22
end_of_record
SF:lib\presentation\pages\detail_todo_page.dart
DA:16,0
DA:20,0
DA:21,0
DA:29,0
DA:31,0
DA:32,0
DA:33,0
DA:34,0
DA:36,0
DA:38,0
DA:43,0
DA:45,0
DA:46,0
DA:47,0
DA:48,0
DA:49,0
DA:53,0
DA:54,0
DA:56,0
DA:58,0
DA:60,0
DA:61,0
DA:63,0
DA:66,0
DA:67,0
DA:68,0
DA:72,0
DA:74,0
DA:75,0
DA:76,0
DA:78,0
DA:80,0
DA:83,0
DA:84,0
DA:87,0
DA:88,0
DA:89,0
DA:90,0
DA:92,0
DA:94,0
DA:95,0
DA:96,0
DA:97,0
DA:99,0
DA:101,0
DA:104,0
DA:118,0
DA:119,0
DA:120,0
DA:121,0
DA:122,0
DA:125,0
DA:126,0
DA:127,0
DA:129,0
DA:130,0
DA:131,0
DA:132,0
DA:134,0
DA:136,0
DA:137,0
DA:138,0
DA:139,0
DA:140,0
DA:141,0
DA:144,0
DA:146,0
DA:155,0
DA:156,0
DA:163,0
DA:164,0
DA:165,0
DA:166,0
DA:168,0
DA:170,0
DA:171,0
DA:172,0
DA:174,0
DA:176,0
DA:180,0
DA:181,0
DA:182,0
DA:183,0
DA:185,0
LF:84
LH:0
end_of_record
